/*C1813*/SET SCHEMA PUBLIC
INSERT INTO PERSONNAGE_MODEL VALUES(47,2,2,1)
ALTER SEQUENCE PUBLIC.HIBERNATE_SEQUENCE RESTART WITH 48
COMMIT
/*C1812*/SET SCHEMA PUBLIC
DISCONNECT
/*C1816*/SET SCHEMA PUBLIC
DISCONNECT
/*C1813*/DISCONNECT
/*C1821*/SET SCHEMA PUBLIC
DISCONNECT
/*C1819*/SET SCHEMA PUBLIC
DISCONNECT
/*C1817*/SET SCHEMA PUBLIC
DISCONNECT
/*C1818*/SET SCHEMA PUBLIC
DISCONNECT
/*C1815*/SET SCHEMA PUBLIC
DISCONNECT
/*C1820*/SET SCHEMA PUBLIC
DISCONNECT
/*C1814*/SET SCHEMA PUBLIC
DISCONNECT
/*C1831*/SET SCHEMA PUBLIC
DISCONNECT
/*C1825*/SET SCHEMA PUBLIC
DISCONNECT
/*C1824*/SET SCHEMA PUBLIC
DISCONNECT
/*C1829*/SET SCHEMA PUBLIC
DISCONNECT
/*C1830*/SET SCHEMA PUBLIC
DISCONNECT
/*C1826*/SET SCHEMA PUBLIC
DISCONNECT
/*C1823*/SET SCHEMA PUBLIC
DISCONNECT
/*C1828*/SET SCHEMA PUBLIC
DISCONNECT
/*C1827*/SET SCHEMA PUBLIC
DISCONNECT
/*C1822*/SET SCHEMA PUBLIC
DISCONNECT
/*C1832*/SET SCHEMA PUBLIC
DISCONNECT
/*C1835*/SET SCHEMA PUBLIC
DISCONNECT
/*C1838*/SET SCHEMA PUBLIC
DISCONNECT
/*C1833*/SET SCHEMA PUBLIC
DISCONNECT
/*C1840*/SET SCHEMA PUBLIC
DISCONNECT
/*C1834*/SET SCHEMA PUBLIC
DISCONNECT
/*C1836*/SET SCHEMA PUBLIC
DISCONNECT
/*C1837*/SET SCHEMA PUBLIC
DISCONNECT
/*C1839*/SET SCHEMA PUBLIC
DISCONNECT
/*C1841*/SET SCHEMA PUBLIC
DISCONNECT
/*C1842*/SET SCHEMA PUBLIC
DISCONNECT
/*C1843*/SET SCHEMA PUBLIC
DISCONNECT
/*C1844*/SET SCHEMA PUBLIC
DISCONNECT
/*C1846*/SET SCHEMA PUBLIC
DISCONNECT
/*C1845*/SET SCHEMA PUBLIC
DISCONNECT
/*C1847*/SET SCHEMA PUBLIC
DISCONNECT
/*C1849*/SET SCHEMA PUBLIC
DISCONNECT
/*C1848*/SET SCHEMA PUBLIC
DISCONNECT
/*C1850*/SET SCHEMA PUBLIC
DISCONNECT
/*C1851*/SET SCHEMA PUBLIC
DISCONNECT
/*C1859*/SET SCHEMA PUBLIC
DISCONNECT
/*C1853*/SET SCHEMA PUBLIC
DISCONNECT
/*C1852*/SET SCHEMA PUBLIC
DISCONNECT
/*C1861*/SET SCHEMA PUBLIC
DISCONNECT
/*C1858*/SET SCHEMA PUBLIC
DISCONNECT
/*C1854*/SET SCHEMA PUBLIC
DISCONNECT
/*C1855*/SET SCHEMA PUBLIC
DISCONNECT
/*C1856*/SET SCHEMA PUBLIC
DISCONNECT
/*C1860*/SET SCHEMA PUBLIC
DISCONNECT
/*C1857*/SET SCHEMA PUBLIC
DISCONNECT
/*C1864*/SET SCHEMA PUBLIC
DISCONNECT
/*C1867*/SET SCHEMA PUBLIC
DISCONNECT
/*C1865*/SET SCHEMA PUBLIC
DISCONNECT
/*C1862*/SET SCHEMA PUBLIC
DISCONNECT
/*C1863*/SET SCHEMA PUBLIC
DISCONNECT
/*C1866*/SET SCHEMA PUBLIC
DISCONNECT
/*C1868*/SET SCHEMA PUBLIC
DISCONNECT
/*C1871*/SET SCHEMA PUBLIC
DISCONNECT
/*C1869*/SET SCHEMA PUBLIC
DISCONNECT
/*C1870*/SET SCHEMA PUBLIC
DISCONNECT
/*C1872*/SET SCHEMA PUBLIC
DISCONNECT
/*C1881*/SET SCHEMA PUBLIC
DISCONNECT
/*C1875*/SET SCHEMA PUBLIC
DISCONNECT
/*C1873*/SET SCHEMA PUBLIC
DISCONNECT
/*C1878*/SET SCHEMA PUBLIC
DISCONNECT
/*C1874*/SET SCHEMA PUBLIC
DISCONNECT
/*C1880*/SET SCHEMA PUBLIC
DISCONNECT
/*C1876*/SET SCHEMA PUBLIC
DISCONNECT
/*C1879*/SET SCHEMA PUBLIC
DISCONNECT
/*C1877*/SET SCHEMA PUBLIC
DISCONNECT
/*C1883*/SET SCHEMA PUBLIC
DISCONNECT
/*C1885*/SET SCHEMA PUBLIC
DISCONNECT
/*C1882*/SET SCHEMA PUBLIC
DISCONNECT
/*C1887*/SET SCHEMA PUBLIC
DISCONNECT
/*C1884*/SET SCHEMA PUBLIC
DISCONNECT
/*C1886*/SET SCHEMA PUBLIC
DISCONNECT
/*C1888*/SET SCHEMA PUBLIC
DISCONNECT
/*C1889*/SET SCHEMA PUBLIC
DISCONNECT
/*C1890*/SET SCHEMA PUBLIC
DISCONNECT
/*C1891*/SET SCHEMA PUBLIC
DISCONNECT
/*C1892*/SET SCHEMA PUBLIC
INSERT INTO TEMPLATE_MODEL VALUES(48,NULL,NULL,NULL,NULL)
ALTER SEQUENCE PUBLIC.HIBERNATE_SEQUENCE RESTART WITH 49
COMMIT
/*C1811*/SET SCHEMA PUBLIC
DELETE FROM TEMPLATE_MODEL WHERE ID_TEMPLATE_MODEL=48
COMMIT
/*C1892*/DISCONNECT
/*C1893*/SET SCHEMA PUBLIC
DISCONNECT
/*C1894*/SET SCHEMA PUBLIC
DISCONNECT
/*C1895*/SET SCHEMA PUBLIC
DISCONNECT
/*C1901*/SET SCHEMA PUBLIC
DISCONNECT
/*C1896*/SET SCHEMA PUBLIC
DISCONNECT
/*C1897*/SET SCHEMA PUBLIC
DISCONNECT
/*C1900*/SET SCHEMA PUBLIC
DISCONNECT
/*C1899*/SET SCHEMA PUBLIC
DISCONNECT
/*C1898*/SET SCHEMA PUBLIC
DISCONNECT
/*C1903*/SET SCHEMA PUBLIC
DISCONNECT
/*C1905*/SET SCHEMA PUBLIC
DISCONNECT
/*C1902*/SET SCHEMA PUBLIC
DISCONNECT
/*C1908*/SET SCHEMA PUBLIC
DISCONNECT
/*C1910*/SET SCHEMA PUBLIC
DISCONNECT
/*C1909*/SET SCHEMA PUBLIC
DISCONNECT
/*C1907*/SET SCHEMA PUBLIC
DISCONNECT
/*C1904*/SET SCHEMA PUBLIC
DISCONNECT
/*C1906*/SET SCHEMA PUBLIC
DISCONNECT
/*C1911*/SET SCHEMA PUBLIC
DISCONNECT
/*C1912*/SET SCHEMA PUBLIC
DISCONNECT
/*C1915*/SET SCHEMA PUBLIC
DISCONNECT
/*C1913*/SET SCHEMA PUBLIC
DISCONNECT
/*C1920*/SET SCHEMA PUBLIC
DISCONNECT
/*C1919*/SET SCHEMA PUBLIC
DISCONNECT
/*C1921*/SET SCHEMA PUBLIC
DISCONNECT
/*C1914*/SET SCHEMA PUBLIC
DISCONNECT
/*C1916*/SET SCHEMA PUBLIC
DISCONNECT
/*C1917*/SET SCHEMA PUBLIC
DISCONNECT
/*C1918*/SET SCHEMA PUBLIC
DISCONNECT
/*C1924*/SET SCHEMA PUBLIC
DISCONNECT
/*C1922*/SET SCHEMA PUBLIC
DISCONNECT
/*C1926*/SET SCHEMA PUBLIC
DISCONNECT
/*C1925*/SET SCHEMA PUBLIC
DISCONNECT
/*C1923*/SET SCHEMA PUBLIC
DISCONNECT
/*C1931*/SET SCHEMA PUBLIC
DISCONNECT
/*C1927*/SET SCHEMA PUBLIC
DISCONNECT
/*C1928*/SET SCHEMA PUBLIC
DISCONNECT
/*C1929*/SET SCHEMA PUBLIC
DISCONNECT
/*C1930*/SET SCHEMA PUBLIC
DISCONNECT
/*C1933*/SET SCHEMA PUBLIC
DISCONNECT
/*C1932*/SET SCHEMA PUBLIC
DISCONNECT
/*C1940*/SET SCHEMA PUBLIC
DISCONNECT
/*C1934*/SET SCHEMA PUBLIC
DISCONNECT
/*C1937*/SET SCHEMA PUBLIC
DISCONNECT
/*C1935*/SET SCHEMA PUBLIC
DISCONNECT
/*C1939*/SET SCHEMA PUBLIC
DISCONNECT
/*C1936*/SET SCHEMA PUBLIC
DISCONNECT
/*C1938*/SET SCHEMA PUBLIC
DISCONNECT
/*C1941*/SET SCHEMA PUBLIC
DISCONNECT
/*C1942*/SET SCHEMA PUBLIC
DISCONNECT
/*C1945*/SET SCHEMA PUBLIC
DISCONNECT
/*C1943*/SET SCHEMA PUBLIC
DISCONNECT
/*C1947*/SET SCHEMA PUBLIC
DISCONNECT
/*C1950*/SET SCHEMA PUBLIC
DISCONNECT
/*C1944*/SET SCHEMA PUBLIC
DISCONNECT
/*C1948*/SET SCHEMA PUBLIC
DISCONNECT
/*C1951*/SET SCHEMA PUBLIC
DISCONNECT
/*C1946*/SET SCHEMA PUBLIC
DISCONNECT
/*C1949*/SET SCHEMA PUBLIC
DISCONNECT
/*C1952*/SET SCHEMA PUBLIC
DISCONNECT
/*C1955*/SET SCHEMA PUBLIC
DISCONNECT
/*C1959*/SET SCHEMA PUBLIC
DISCONNECT
/*C1953*/SET SCHEMA PUBLIC
DISCONNECT
/*C1958*/SET SCHEMA PUBLIC
DISCONNECT
/*C1954*/SET SCHEMA PUBLIC
DISCONNECT
/*C1957*/SET SCHEMA PUBLIC
DISCONNECT
/*C1956*/SET SCHEMA PUBLIC
DISCONNECT
/*C1960*/SET SCHEMA PUBLIC
DISCONNECT
/*C1961*/SET SCHEMA PUBLIC
DISCONNECT
/*C1962*/SET SCHEMA PUBLIC
DISCONNECT
/*C1964*/SET SCHEMA PUBLIC
DISCONNECT
/*C1969*/SET SCHEMA PUBLIC
DISCONNECT
/*C1966*/SET SCHEMA PUBLIC
DISCONNECT
/*C1963*/SET SCHEMA PUBLIC
DISCONNECT
/*C1965*/SET SCHEMA PUBLIC
DISCONNECT
/*C1970*/SET SCHEMA PUBLIC
DISCONNECT
/*C1968*/SET SCHEMA PUBLIC
DISCONNECT
/*C1967*/SET SCHEMA PUBLIC
DISCONNECT
/*C1971*/SET SCHEMA PUBLIC
DISCONNECT
/*C1972*/SET SCHEMA PUBLIC
DISCONNECT
/*C1979*/SET SCHEMA PUBLIC
DISCONNECT
/*C1980*/SET SCHEMA PUBLIC
DISCONNECT
/*C1973*/SET SCHEMA PUBLIC
DISCONNECT
/*C1978*/SET SCHEMA PUBLIC
DISCONNECT
/*C1976*/SET SCHEMA PUBLIC
DISCONNECT
/*C1974*/SET SCHEMA PUBLIC
DISCONNECT
/*C1975*/SET SCHEMA PUBLIC
DISCONNECT
/*C1977*/SET SCHEMA PUBLIC
DISCONNECT
/*C1981*/SET SCHEMA PUBLIC
DISCONNECT
/*C1982*/SET SCHEMA PUBLIC
DISCONNECT
/*C1985*/SET SCHEMA PUBLIC
DISCONNECT
/*C1990*/SET SCHEMA PUBLIC
DISCONNECT
/*C1983*/SET SCHEMA PUBLIC
DISCONNECT
/*C1984*/SET SCHEMA PUBLIC
DISCONNECT
/*C1986*/SET SCHEMA PUBLIC
DISCONNECT
/*C1991*/SET SCHEMA PUBLIC
DISCONNECT
/*C1989*/SET SCHEMA PUBLIC
DISCONNECT
/*C1987*/SET SCHEMA PUBLIC
DISCONNECT
/*C1988*/SET SCHEMA PUBLIC
DISCONNECT
/*C1992*/SET SCHEMA PUBLIC
DISCONNECT
/*C1993*/SET SCHEMA PUBLIC
DISCONNECT
/*C1996*/SET SCHEMA PUBLIC
DISCONNECT
/*C1994*/SET SCHEMA PUBLIC
DISCONNECT
/*C1995*/SET SCHEMA PUBLIC
DISCONNECT
/*C2001*/SET SCHEMA PUBLIC
DISCONNECT
/*C1997*/SET SCHEMA PUBLIC
DISCONNECT
/*C1998*/SET SCHEMA PUBLIC
DISCONNECT
/*C1999*/SET SCHEMA PUBLIC
DISCONNECT
/*C2000*/SET SCHEMA PUBLIC
DISCONNECT
/*C2002*/SET SCHEMA PUBLIC
DISCONNECT
/*C2005*/SET SCHEMA PUBLIC
DISCONNECT
/*C2009*/SET SCHEMA PUBLIC
DISCONNECT
/*C2003*/SET SCHEMA PUBLIC
DISCONNECT
/*C2006*/SET SCHEMA PUBLIC
DISCONNECT
/*C2004*/SET SCHEMA PUBLIC
DISCONNECT
/*C2007*/SET SCHEMA PUBLIC
DISCONNECT
/*C2011*/SET SCHEMA PUBLIC
DISCONNECT
/*C2008*/SET SCHEMA PUBLIC
DISCONNECT
/*C2010*/SET SCHEMA PUBLIC
DISCONNECT
/*C2012*/SET SCHEMA PUBLIC
DISCONNECT
/*C2013*/SET SCHEMA PUBLIC
DISCONNECT
/*C2016*/SET SCHEMA PUBLIC
DISCONNECT
/*C2014*/SET SCHEMA PUBLIC
DISCONNECT
/*C2017*/SET SCHEMA PUBLIC
DISCONNECT
/*C2015*/SET SCHEMA PUBLIC
DISCONNECT
/*C2019*/SET SCHEMA PUBLIC
DISCONNECT
/*C2020*/SET SCHEMA PUBLIC
DISCONNECT
/*C2021*/SET SCHEMA PUBLIC
DISCONNECT
/*C2018*/SET SCHEMA PUBLIC
DISCONNECT
/*C2022*/SET SCHEMA PUBLIC
DISCONNECT
/*C2027*/SET SCHEMA PUBLIC
DISCONNECT
/*C2025*/SET SCHEMA PUBLIC
DISCONNECT
/*C2023*/SET SCHEMA PUBLIC
DISCONNECT
/*C2029*/SET SCHEMA PUBLIC
DISCONNECT
/*C2024*/SET SCHEMA PUBLIC
DISCONNECT
/*C2031*/SET SCHEMA PUBLIC
DISCONNECT
/*C2026*/SET SCHEMA PUBLIC
DISCONNECT
/*C2028*/SET SCHEMA PUBLIC
DISCONNECT
/*C2030*/SET SCHEMA PUBLIC
DISCONNECT
/*C2035*/SET SCHEMA PUBLIC
DISCONNECT
/*C2032*/SET SCHEMA PUBLIC
DISCONNECT
/*C2040*/SET SCHEMA PUBLIC
DISCONNECT
/*C2033*/SET SCHEMA PUBLIC
DISCONNECT
/*C2034*/SET SCHEMA PUBLIC
DISCONNECT
/*C2036*/SET SCHEMA PUBLIC
DISCONNECT
/*C2038*/SET SCHEMA PUBLIC
DISCONNECT
/*C2041*/SET SCHEMA PUBLIC
DISCONNECT
/*C2037*/SET SCHEMA PUBLIC
DISCONNECT
/*C2039*/SET SCHEMA PUBLIC
DISCONNECT
/*C2043*/SET SCHEMA PUBLIC
DISCONNECT
/*C2042*/SET SCHEMA PUBLIC
DISCONNECT
/*C2044*/SET SCHEMA PUBLIC
DISCONNECT
/*C2046*/SET SCHEMA PUBLIC
DISCONNECT
/*C2049*/SET SCHEMA PUBLIC
DISCONNECT
/*C2047*/SET SCHEMA PUBLIC
DISCONNECT
/*C2045*/SET SCHEMA PUBLIC
DISCONNECT
/*C2051*/SET SCHEMA PUBLIC
DISCONNECT
/*C2050*/SET SCHEMA PUBLIC
DISCONNECT
/*C2048*/SET SCHEMA PUBLIC
DISCONNECT
/*C2052*/SET SCHEMA PUBLIC
DISCONNECT
/*C2060*/SET SCHEMA PUBLIC
DISCONNECT
/*C2053*/SET SCHEMA PUBLIC
DISCONNECT
/*C2054*/SET SCHEMA PUBLIC
DISCONNECT
/*C2056*/SET SCHEMA PUBLIC
DISCONNECT
/*C2055*/SET SCHEMA PUBLIC
DISCONNECT
/*C2057*/SET SCHEMA PUBLIC
DISCONNECT
/*C2058*/SET SCHEMA PUBLIC
DISCONNECT
/*C2059*/SET SCHEMA PUBLIC
DISCONNECT
/*C2061*/SET SCHEMA PUBLIC
DISCONNECT
/*C2062*/SET SCHEMA PUBLIC
DISCONNECT
/*C2066*/SET SCHEMA PUBLIC
DISCONNECT
/*C2064*/SET SCHEMA PUBLIC
DISCONNECT
/*C2063*/SET SCHEMA PUBLIC
DISCONNECT
/*C2065*/SET SCHEMA PUBLIC
DISCONNECT
/*C2068*/SET SCHEMA PUBLIC
DISCONNECT
/*C2070*/SET SCHEMA PUBLIC
DISCONNECT
/*C2071*/SET SCHEMA PUBLIC
DISCONNECT
/*C2067*/SET SCHEMA PUBLIC
DISCONNECT
/*C2069*/SET SCHEMA PUBLIC
DISCONNECT
/*C2073*/SET SCHEMA PUBLIC
DISCONNECT
/*C2079*/SET SCHEMA PUBLIC
DISCONNECT
/*C2072*/SET SCHEMA PUBLIC
DISCONNECT
/*C2080*/SET SCHEMA PUBLIC
DISCONNECT
/*C2074*/SET SCHEMA PUBLIC
DISCONNECT
/*C2075*/SET SCHEMA PUBLIC
DISCONNECT
/*C2076*/SET SCHEMA PUBLIC
DISCONNECT
/*C2078*/SET SCHEMA PUBLIC
DISCONNECT
/*C2081*/SET SCHEMA PUBLIC
DISCONNECT
/*C2077*/SET SCHEMA PUBLIC
DISCONNECT
/*C2083*/SET SCHEMA PUBLIC
DISCONNECT
/*C2082*/SET SCHEMA PUBLIC
DISCONNECT
/*C2091*/SET SCHEMA PUBLIC
DISCONNECT
/*C2084*/SET SCHEMA PUBLIC
DISCONNECT
/*C2086*/SET SCHEMA PUBLIC
DISCONNECT
/*C2085*/SET SCHEMA PUBLIC
DISCONNECT
/*C2090*/SET SCHEMA PUBLIC
DISCONNECT
/*C2087*/SET SCHEMA PUBLIC
DISCONNECT
/*C2088*/SET SCHEMA PUBLIC
DISCONNECT
/*C2089*/SET SCHEMA PUBLIC
DISCONNECT
/*C2092*/SET SCHEMA PUBLIC
DISCONNECT
/*C2096*/SET SCHEMA PUBLIC
DISCONNECT
/*C2094*/SET SCHEMA PUBLIC
DISCONNECT
/*C2093*/SET SCHEMA PUBLIC
DISCONNECT
/*C2095*/SET SCHEMA PUBLIC
DISCONNECT
/*C2101*/SET SCHEMA PUBLIC
DISCONNECT
/*C2100*/SET SCHEMA PUBLIC
DISCONNECT
/*C2097*/SET SCHEMA PUBLIC
DISCONNECT
/*C2099*/SET SCHEMA PUBLIC
DISCONNECT
/*C2098*/SET SCHEMA PUBLIC
DISCONNECT
/*C2102*/SET SCHEMA PUBLIC
DISCONNECT
/*C2105*/SET SCHEMA PUBLIC
DISCONNECT
/*C2103*/SET SCHEMA PUBLIC
DISCONNECT
/*C2108*/SET SCHEMA PUBLIC
DISCONNECT
/*C2104*/SET SCHEMA PUBLIC
DISCONNECT
/*C2110*/SET SCHEMA PUBLIC
DISCONNECT
/*C2109*/SET SCHEMA PUBLIC
DISCONNECT
/*C2106*/SET SCHEMA PUBLIC
DISCONNECT
/*C2107*/SET SCHEMA PUBLIC
DISCONNECT
/*C2111*/SET SCHEMA PUBLIC
DISCONNECT
/*C2112*/SET SCHEMA PUBLIC
DISCONNECT
/*C2115*/SET SCHEMA PUBLIC
DISCONNECT
/*C2113*/SET SCHEMA PUBLIC
DISCONNECT
/*C2116*/SET SCHEMA PUBLIC
DISCONNECT
/*C2114*/SET SCHEMA PUBLIC
DISCONNECT
/*C2117*/SET SCHEMA PUBLIC
DISCONNECT
/*C2118*/SET SCHEMA PUBLIC
DISCONNECT
/*C2119*/SET SCHEMA PUBLIC
DISCONNECT
/*C2120*/SET SCHEMA PUBLIC
DISCONNECT
/*C2121*/SET SCHEMA PUBLIC
DISCONNECT
/*C2124*/SET SCHEMA PUBLIC
DISCONNECT
/*C2126*/SET SCHEMA PUBLIC
DISCONNECT
/*C2127*/SET SCHEMA PUBLIC
DISCONNECT
/*C2125*/SET SCHEMA PUBLIC
DISCONNECT
/*C2122*/SET SCHEMA PUBLIC
DISCONNECT
/*C2123*/SET SCHEMA PUBLIC
DISCONNECT
/*C2129*/SET SCHEMA PUBLIC
DISCONNECT
/*C2130*/SET SCHEMA PUBLIC
DISCONNECT
/*C2128*/SET SCHEMA PUBLIC
DISCONNECT
/*C2131*/SET SCHEMA PUBLIC
DISCONNECT
/*C2132*/SET SCHEMA PUBLIC
INSERT INTO PERSONNAGE_MODEL VALUES(49,1,1,1)
ALTER SEQUENCE PUBLIC.HIBERNATE_SEQUENCE RESTART WITH 50
COMMIT
/*C1811*/DELETE FROM PERSONNAGE_MODEL WHERE ID_PERSONNAGE_MODEL=1
DELETE FROM PERSONNAGE_MODEL WHERE ID_PERSONNAGE_MODEL=19
DELETE FROM PERSONNAGE_MODEL WHERE ID_PERSONNAGE_MODEL=20
DELETE FROM PERSONNAGE_MODEL WHERE ID_PERSONNAGE_MODEL=24
DELETE FROM PERSONNAGE_MODEL WHERE ID_PERSONNAGE_MODEL=25
DELETE FROM PERSONNAGE_MODEL WHERE ID_PERSONNAGE_MODEL=26
DELETE FROM PERSONNAGE_MODEL WHERE ID_PERSONNAGE_MODEL=27
DELETE FROM PERSONNAGE_MODEL WHERE ID_PERSONNAGE_MODEL=28
DELETE FROM PERSONNAGE_MODEL WHERE ID_PERSONNAGE_MODEL=29
DELETE FROM PERSONNAGE_MODEL WHERE ID_PERSONNAGE_MODEL=30
DELETE FROM PERSONNAGE_MODEL WHERE ID_PERSONNAGE_MODEL=31
DELETE FROM PERSONNAGE_MODEL WHERE ID_PERSONNAGE_MODEL=32
DELETE FROM PERSONNAGE_MODEL WHERE ID_PERSONNAGE_MODEL=33
DELETE FROM PERSONNAGE_MODEL WHERE ID_PERSONNAGE_MODEL=34
DELETE FROM PERSONNAGE_MODEL WHERE ID_PERSONNAGE_MODEL=35
DELETE FROM PERSONNAGE_MODEL WHERE ID_PERSONNAGE_MODEL=36
DELETE FROM PERSONNAGE_MODEL WHERE ID_PERSONNAGE_MODEL=37
DELETE FROM PERSONNAGE_MODEL WHERE ID_PERSONNAGE_MODEL=38
DELETE FROM PERSONNAGE_MODEL WHERE ID_PERSONNAGE_MODEL=39
DELETE FROM PERSONNAGE_MODEL WHERE ID_PERSONNAGE_MODEL=40
DELETE FROM PERSONNAGE_MODEL WHERE ID_PERSONNAGE_MODEL=41
DELETE FROM PERSONNAGE_MODEL WHERE ID_PERSONNAGE_MODEL=42
DELETE FROM PERSONNAGE_MODEL WHERE ID_PERSONNAGE_MODEL=43
DELETE FROM PERSONNAGE_MODEL WHERE ID_PERSONNAGE_MODEL=44
DELETE FROM PERSONNAGE_MODEL WHERE ID_PERSONNAGE_MODEL=45
DELETE FROM PERSONNAGE_MODEL WHERE ID_PERSONNAGE_MODEL=46
DELETE FROM PERSONNAGE_MODEL WHERE ID_PERSONNAGE_MODEL=47
DELETE FROM PERSONNAGE_MODEL WHERE ID_PERSONNAGE_MODEL=49
COMMIT
/*C2132*/INSERT INTO PERSONNAGE_MODEL VALUES(50,2,2,1)
ALTER SEQUENCE PUBLIC.HIBERNATE_SEQUENCE RESTART WITH 51
COMMIT
/*C2133*/SET SCHEMA PUBLIC
DISCONNECT
/*C2137*/SET SCHEMA PUBLIC
DISCONNECT
/*C2134*/SET SCHEMA PUBLIC
DISCONNECT
/*C2140*/SET SCHEMA PUBLIC
DISCONNECT
/*C2138*/SET SCHEMA PUBLIC
DISCONNECT
/*C2139*/SET SCHEMA PUBLIC
DISCONNECT
/*C2132*/DISCONNECT
/*C2141*/SET SCHEMA PUBLIC
DISCONNECT
/*C2135*/SET SCHEMA PUBLIC
DISCONNECT
/*C2136*/SET SCHEMA PUBLIC
DISCONNECT
/*C2142*/SET SCHEMA PUBLIC
INSERT INTO PERSONNAGE_MODEL VALUES(51,2,1,1)
ALTER SEQUENCE PUBLIC.HIBERNATE_SEQUENCE RESTART WITH 52
COMMIT
/*C2143*/SET SCHEMA PUBLIC
INSERT INTO PERSONNAGE_MODEL VALUES(52,2,21,2)
ALTER SEQUENCE PUBLIC.HIBERNATE_SEQUENCE RESTART WITH 53
COMMIT
/*C2151*/SET SCHEMA PUBLIC
DISCONNECT
/*C2145*/SET SCHEMA PUBLIC
DISCONNECT
/*C2148*/SET SCHEMA PUBLIC
DISCONNECT
/*C2147*/SET SCHEMA PUBLIC
DISCONNECT
/*C2150*/SET SCHEMA PUBLIC
DISCONNECT
/*C2144*/SET SCHEMA PUBLIC
DISCONNECT
/*C2149*/SET SCHEMA PUBLIC
DISCONNECT
/*C2143*/DISCONNECT
/*C2146*/SET SCHEMA PUBLIC
DISCONNECT
/*C2142*/DISCONNECT
/*C2152*/SET SCHEMA PUBLIC
DISCONNECT
/*C2161*/SET SCHEMA PUBLIC
DISCONNECT
/*C2153*/SET SCHEMA PUBLIC
DISCONNECT
/*C2159*/SET SCHEMA PUBLIC
DISCONNECT
/*C2157*/SET SCHEMA PUBLIC
DISCONNECT
/*C2154*/SET SCHEMA PUBLIC
DISCONNECT
/*C2158*/SET SCHEMA PUBLIC
DISCONNECT
/*C2155*/SET SCHEMA PUBLIC
DISCONNECT
/*C2156*/SET SCHEMA PUBLIC
DISCONNECT
/*C2160*/SET SCHEMA PUBLIC
DISCONNECT
/*C2162*/SET SCHEMA PUBLIC
DISCONNECT
/*C2165*/SET SCHEMA PUBLIC
DISCONNECT
/*C2164*/SET SCHEMA PUBLIC
DISCONNECT
/*C2169*/SET SCHEMA PUBLIC
DISCONNECT
/*C2163*/SET SCHEMA PUBLIC
DISCONNECT
/*C2168*/SET SCHEMA PUBLIC
DISCONNECT
/*C2166*/SET SCHEMA PUBLIC
DISCONNECT
/*C2170*/SET SCHEMA PUBLIC
DISCONNECT
/*C2167*/SET SCHEMA PUBLIC
DISCONNECT
/*C2171*/SET SCHEMA PUBLIC
DISCONNECT
/*C2172*/SET SCHEMA PUBLIC
DISCONNECT
/*C2175*/SET SCHEMA PUBLIC
DISCONNECT
/*C2176*/SET SCHEMA PUBLIC
DISCONNECT
/*C2180*/SET SCHEMA PUBLIC
DISCONNECT
/*C2173*/SET SCHEMA PUBLIC
DISCONNECT
/*C2174*/SET SCHEMA PUBLIC
DISCONNECT
/*C2181*/SET SCHEMA PUBLIC
DISCONNECT
/*C2178*/SET SCHEMA PUBLIC
DISCONNECT
/*C2177*/SET SCHEMA PUBLIC
DISCONNECT
/*C2179*/SET SCHEMA PUBLIC
DISCONNECT
/*C2182*/SET SCHEMA PUBLIC
DISCONNECT
/*C2183*/SET SCHEMA PUBLIC
DISCONNECT
/*C2187*/SET SCHEMA PUBLIC
DISCONNECT
/*C2185*/SET SCHEMA PUBLIC
DISCONNECT
/*C2184*/SET SCHEMA PUBLIC
DISCONNECT
/*C2186*/SET SCHEMA PUBLIC
DISCONNECT
/*C2188*/SET SCHEMA PUBLIC
DISCONNECT
/*C2191*/SET SCHEMA PUBLIC
DISCONNECT
/*C2189*/SET SCHEMA PUBLIC
DISCONNECT
/*C2190*/SET SCHEMA PUBLIC
DISCONNECT
/*C2192*/SET SCHEMA PUBLIC
DISCONNECT
/*C2195*/SET SCHEMA PUBLIC
DISCONNECT
/*C2193*/SET SCHEMA PUBLIC
DISCONNECT
/*C2199*/SET SCHEMA PUBLIC
DISCONNECT
/*C2196*/SET SCHEMA PUBLIC
DISCONNECT
/*C2198*/SET SCHEMA PUBLIC
DISCONNECT
/*C2194*/SET SCHEMA PUBLIC
DISCONNECT
/*C2201*/SET SCHEMA PUBLIC
DISCONNECT
/*C2197*/SET SCHEMA PUBLIC
DISCONNECT
/*C2200*/SET SCHEMA PUBLIC
DISCONNECT
/*C2211*/SET SCHEMA PUBLIC
DISCONNECT
/*C2210*/SET SCHEMA PUBLIC
DISCONNECT
/*C2206*/SET SCHEMA PUBLIC
DISCONNECT
/*C2209*/SET SCHEMA PUBLIC
DISCONNECT
/*C2203*/SET SCHEMA PUBLIC
DISCONNECT
/*C2202*/SET SCHEMA PUBLIC
DISCONNECT
/*C2204*/SET SCHEMA PUBLIC
DISCONNECT
/*C2205*/SET SCHEMA PUBLIC
DISCONNECT
/*C2208*/SET SCHEMA PUBLIC
DISCONNECT
/*C2207*/SET SCHEMA PUBLIC
DISCONNECT
/*C2217*/SET SCHEMA PUBLIC
DISCONNECT
/*C2216*/SET SCHEMA PUBLIC
DISCONNECT
/*C2220*/SET SCHEMA PUBLIC
DISCONNECT
/*C2212*/SET SCHEMA PUBLIC
DISCONNECT
/*C2219*/SET SCHEMA PUBLIC
DISCONNECT
/*C2218*/SET SCHEMA PUBLIC
DISCONNECT
/*C2213*/SET SCHEMA PUBLIC
DISCONNECT
/*C2215*/SET SCHEMA PUBLIC
DISCONNECT
/*C2214*/SET SCHEMA PUBLIC
DISCONNECT
/*C2221*/SET SCHEMA PUBLIC
DISCONNECT
/*C2222*/SET SCHEMA PUBLIC
DISCONNECT
/*C2226*/SET SCHEMA PUBLIC
DISCONNECT
/*C2228*/SET SCHEMA PUBLIC
DISCONNECT
/*C2225*/SET SCHEMA PUBLIC
DISCONNECT
/*C2223*/SET SCHEMA PUBLIC
DISCONNECT
/*C2224*/SET SCHEMA PUBLIC
DISCONNECT
/*C2227*/SET SCHEMA PUBLIC
DISCONNECT
/*C2229*/SET SCHEMA PUBLIC
DISCONNECT
/*C2230*/SET SCHEMA PUBLIC
DISCONNECT
/*C2231*/SET SCHEMA PUBLIC
DISCONNECT
/*C2232*/SET SCHEMA PUBLIC
INSERT INTO PERSONNAGE_MODEL VALUES(53,1,1,2)
ALTER SEQUENCE PUBLIC.HIBERNATE_SEQUENCE RESTART WITH 54
COMMIT
DISCONNECT
/*C2235*/SET SCHEMA PUBLIC
DISCONNECT
/*C2233*/SET SCHEMA PUBLIC
DISCONNECT
/*C2238*/SET SCHEMA PUBLIC
DISCONNECT
/*C2234*/SET SCHEMA PUBLIC
DISCONNECT
/*C2236*/SET SCHEMA PUBLIC
DISCONNECT
/*C2240*/SET SCHEMA PUBLIC
DISCONNECT
/*C2241*/SET SCHEMA PUBLIC
DISCONNECT
/*C2239*/SET SCHEMA PUBLIC
DISCONNECT
/*C2237*/SET SCHEMA PUBLIC
DISCONNECT
/*C2242*/SET SCHEMA PUBLIC
DISCONNECT
/*C2245*/SET SCHEMA PUBLIC
DISCONNECT
/*C2244*/SET SCHEMA PUBLIC
DISCONNECT
/*C2243*/SET SCHEMA PUBLIC
DISCONNECT
/*C2250*/SET SCHEMA PUBLIC
DISCONNECT
/*C2251*/SET SCHEMA PUBLIC
DISCONNECT
/*C2248*/SET SCHEMA PUBLIC
DISCONNECT
/*C2249*/SET SCHEMA PUBLIC
DISCONNECT
/*C2246*/SET SCHEMA PUBLIC
DISCONNECT
/*C2247*/SET SCHEMA PUBLIC
DISCONNECT
/*C2253*/SET SCHEMA PUBLIC
DISCONNECT
/*C2255*/SET SCHEMA PUBLIC
DISCONNECT
/*C2257*/SET SCHEMA PUBLIC
DISCONNECT
/*C2260*/SET SCHEMA PUBLIC
DISCONNECT
/*C2252*/SET SCHEMA PUBLIC
DISCONNECT
/*C2254*/SET SCHEMA PUBLIC
DISCONNECT
/*C2256*/SET SCHEMA PUBLIC
DISCONNECT
/*C2259*/SET SCHEMA PUBLIC
DISCONNECT
/*C2258*/SET SCHEMA PUBLIC
DISCONNECT
/*C2261*/SET SCHEMA PUBLIC
DISCONNECT
/*C2262*/SET SCHEMA PUBLIC
DISCONNECT
/*C2269*/SET SCHEMA PUBLIC
DISCONNECT
/*C2271*/SET SCHEMA PUBLIC
DISCONNECT
/*C2263*/SET SCHEMA PUBLIC
DISCONNECT
/*C2266*/SET SCHEMA PUBLIC
DISCONNECT
/*C2265*/SET SCHEMA PUBLIC
DISCONNECT
/*C2267*/SET SCHEMA PUBLIC
DISCONNECT
/*C2264*/SET SCHEMA PUBLIC
DISCONNECT
/*C2270*/SET SCHEMA PUBLIC
DISCONNECT
/*C2268*/SET SCHEMA PUBLIC
DISCONNECT
/*C2272*/SET SCHEMA PUBLIC
DISCONNECT
/*C2275*/SET SCHEMA PUBLIC
DISCONNECT
/*C2273*/SET SCHEMA PUBLIC
DISCONNECT
/*C2277*/SET SCHEMA PUBLIC
DISCONNECT
/*C2274*/SET SCHEMA PUBLIC
DISCONNECT
/*C2280*/SET SCHEMA PUBLIC
DISCONNECT
/*C2276*/SET SCHEMA PUBLIC
DISCONNECT
/*C2278*/SET SCHEMA PUBLIC
DISCONNECT
/*C2281*/SET SCHEMA PUBLIC
DISCONNECT
/*C2279*/SET SCHEMA PUBLIC
DISCONNECT
/*C2282*/SET SCHEMA PUBLIC
DISCONNECT
/*C2283*/SET SCHEMA PUBLIC
DISCONNECT
/*C2291*/SET SCHEMA PUBLIC
DISCONNECT
/*C2284*/SET SCHEMA PUBLIC
DISCONNECT
/*C2285*/SET SCHEMA PUBLIC
DISCONNECT
/*C2289*/SET SCHEMA PUBLIC
DISCONNECT
/*C2286*/SET SCHEMA PUBLIC
DISCONNECT
/*C2287*/SET SCHEMA PUBLIC
DISCONNECT
/*C2290*/SET SCHEMA PUBLIC
DISCONNECT
/*C2288*/SET SCHEMA PUBLIC
DISCONNECT
/*C2292*/SET SCHEMA PUBLIC
DISCONNECT
/*C2297*/SET SCHEMA PUBLIC
DISCONNECT
/*C2295*/SET SCHEMA PUBLIC
DISCONNECT
/*C2293*/SET SCHEMA PUBLIC
DISCONNECT
/*C2301*/SET SCHEMA PUBLIC
DISCONNECT
/*C2294*/SET SCHEMA PUBLIC
DISCONNECT
/*C2299*/SET SCHEMA PUBLIC
DISCONNECT
/*C2296*/SET SCHEMA PUBLIC
DISCONNECT
/*C2300*/SET SCHEMA PUBLIC
DISCONNECT
/*C2298*/SET SCHEMA PUBLIC
DISCONNECT
/*C2302*/SET SCHEMA PUBLIC
DELETE FROM PERSONNAGE_MODEL WHERE ID_PERSONNAGE_MODEL=50
COMMIT
DELETE FROM PERSONNAGE_MODEL WHERE ID_PERSONNAGE_MODEL=51
COMMIT
DISCONNECT
/*C2309*/SET SCHEMA PUBLIC
DISCONNECT
/*C2305*/SET SCHEMA PUBLIC
DISCONNECT
/*C2303*/SET SCHEMA PUBLIC
DISCONNECT
/*C2306*/SET SCHEMA PUBLIC
DISCONNECT
/*C2304*/SET SCHEMA PUBLIC
DISCONNECT
/*C2310*/SET SCHEMA PUBLIC
DISCONNECT
/*C2311*/SET SCHEMA PUBLIC
DISCONNECT
/*C2307*/SET SCHEMA PUBLIC
DISCONNECT
/*C2308*/SET SCHEMA PUBLIC
DISCONNECT
/*C2316*/SET SCHEMA PUBLIC
DISCONNECT
/*C2319*/SET SCHEMA PUBLIC
DISCONNECT
/*C2312*/SET SCHEMA PUBLIC
DISCONNECT
/*C2317*/SET SCHEMA PUBLIC
DISCONNECT
/*C2313*/SET SCHEMA PUBLIC
DISCONNECT
/*C2315*/SET SCHEMA PUBLIC
DISCONNECT
/*C2314*/SET SCHEMA PUBLIC
DISCONNECT
/*C2321*/SET SCHEMA PUBLIC
DISCONNECT
/*C2318*/SET SCHEMA PUBLIC
DISCONNECT
/*C2320*/SET SCHEMA PUBLIC
DISCONNECT
/*C2322*/SET SCHEMA PUBLIC
DISCONNECT
/*C2323*/SET SCHEMA PUBLIC
DISCONNECT
/*C2330*/SET SCHEMA PUBLIC
DISCONNECT
/*C2331*/SET SCHEMA PUBLIC
DISCONNECT
/*C2324*/SET SCHEMA PUBLIC
DISCONNECT
/*C2325*/SET SCHEMA PUBLIC
DISCONNECT
/*C2328*/SET SCHEMA PUBLIC
DISCONNECT
/*C2326*/SET SCHEMA PUBLIC
DISCONNECT
/*C2329*/SET SCHEMA PUBLIC
DISCONNECT
/*C2327*/SET SCHEMA PUBLIC
DISCONNECT
/*C2333*/SET SCHEMA PUBLIC
DISCONNECT
/*C2332*/SET SCHEMA PUBLIC
DISCONNECT
/*C2335*/SET SCHEMA PUBLIC
DISCONNECT
/*C2336*/SET SCHEMA PUBLIC
DISCONNECT
/*C2334*/SET SCHEMA PUBLIC
DISCONNECT
/*C2339*/SET SCHEMA PUBLIC
DISCONNECT
/*C2338*/SET SCHEMA PUBLIC
DISCONNECT
/*C2337*/SET SCHEMA PUBLIC
DISCONNECT
/*C2341*/SET SCHEMA PUBLIC
DISCONNECT
/*C2340*/SET SCHEMA PUBLIC
DISCONNECT
/*C2342*/SET SCHEMA PUBLIC
DISCONNECT
/*C2351*/SET SCHEMA PUBLIC
DISCONNECT
/*C2346*/SET SCHEMA PUBLIC
DISCONNECT
/*C2348*/SET SCHEMA PUBLIC
DISCONNECT
/*C2343*/SET SCHEMA PUBLIC
DISCONNECT
/*C2345*/SET SCHEMA PUBLIC
DISCONNECT
/*C2344*/SET SCHEMA PUBLIC
DISCONNECT
/*C2347*/SET SCHEMA PUBLIC
DISCONNECT
/*C2350*/SET SCHEMA PUBLIC
DISCONNECT
/*C2349*/SET SCHEMA PUBLIC
DISCONNECT
/*C2352*/SET SCHEMA PUBLIC
DISCONNECT
/*C2355*/SET SCHEMA PUBLIC
DISCONNECT
/*C2356*/SET SCHEMA PUBLIC
DISCONNECT
/*C2353*/SET SCHEMA PUBLIC
DISCONNECT
/*C2354*/SET SCHEMA PUBLIC
DISCONNECT
/*C2357*/SET SCHEMA PUBLIC
DISCONNECT
/*C2358*/SET SCHEMA PUBLIC
DISCONNECT
/*C2359*/SET SCHEMA PUBLIC
DISCONNECT
/*C2360*/SET SCHEMA PUBLIC
DISCONNECT
/*C2361*/SET SCHEMA PUBLIC
DISCONNECT
/*C2363*/SET SCHEMA PUBLIC
DISCONNECT
/*C2362*/SET SCHEMA PUBLIC
DISCONNECT
/*C2366*/SET SCHEMA PUBLIC
DISCONNECT
/*C2364*/SET SCHEMA PUBLIC
DISCONNECT
/*C2365*/SET SCHEMA PUBLIC
DISCONNECT
/*C2370*/SET SCHEMA PUBLIC
DISCONNECT
/*C2371*/SET SCHEMA PUBLIC
DISCONNECT
/*C2367*/SET SCHEMA PUBLIC
DISCONNECT
/*C2368*/SET SCHEMA PUBLIC
DISCONNECT
/*C2369*/SET SCHEMA PUBLIC
DISCONNECT
/*C2372*/SET SCHEMA PUBLIC
DISCONNECT
/*C2373*/SET SCHEMA PUBLIC
DISCONNECT
/*C2380*/SET SCHEMA PUBLIC
DISCONNECT
/*C2374*/SET SCHEMA PUBLIC
DISCONNECT
/*C2379*/SET SCHEMA PUBLIC
DISCONNECT
/*C2378*/SET SCHEMA PUBLIC
DISCONNECT
/*C2375*/SET SCHEMA PUBLIC
DISCONNECT
/*C2376*/SET SCHEMA PUBLIC
DISCONNECT
/*C2377*/SET SCHEMA PUBLIC
DISCONNECT
/*C2381*/SET SCHEMA PUBLIC
DISCONNECT
/*C2382*/SET SCHEMA PUBLIC
DISCONNECT
/*C2385*/SET SCHEMA PUBLIC
DISCONNECT
/*C2390*/SET SCHEMA PUBLIC
DISCONNECT
/*C2386*/SET SCHEMA PUBLIC
DISCONNECT
/*C2389*/SET SCHEMA PUBLIC
DISCONNECT
/*C2383*/SET SCHEMA PUBLIC
DISCONNECT
/*C2384*/SET SCHEMA PUBLIC
DISCONNECT
/*C2391*/SET SCHEMA PUBLIC
DISCONNECT
/*C2388*/SET SCHEMA PUBLIC
DISCONNECT
/*C2387*/SET SCHEMA PUBLIC
DISCONNECT
/*C2392*/SET SCHEMA PUBLIC
DISCONNECT
/*C2393*/SET SCHEMA PUBLIC
DISCONNECT
/*C2394*/SET SCHEMA PUBLIC
DISCONNECT
/*C2398*/SET SCHEMA PUBLIC
DISCONNECT
/*C2396*/SET SCHEMA PUBLIC
DISCONNECT
/*C2395*/SET SCHEMA PUBLIC
DISCONNECT
/*C2400*/SET SCHEMA PUBLIC
DISCONNECT
/*C2401*/SET SCHEMA PUBLIC
DISCONNECT
/*C2397*/SET SCHEMA PUBLIC
DISCONNECT
/*C2399*/SET SCHEMA PUBLIC
DISCONNECT
/*C2402*/SET SCHEMA PUBLIC
DISCONNECT
/*C2403*/SET SCHEMA PUBLIC
DISCONNECT
/*C2406*/SET SCHEMA PUBLIC
DISCONNECT
/*C2404*/SET SCHEMA PUBLIC
DISCONNECT
/*C2405*/SET SCHEMA PUBLIC
DISCONNECT
/*C2408*/SET SCHEMA PUBLIC
DISCONNECT
/*C2409*/SET SCHEMA PUBLIC
DISCONNECT
/*C2411*/SET SCHEMA PUBLIC
DISCONNECT
/*C2407*/SET SCHEMA PUBLIC
DISCONNECT
/*C2410*/SET SCHEMA PUBLIC
DISCONNECT
/*C2412*/SET SCHEMA PUBLIC
DISCONNECT
/*C2421*/SET SCHEMA PUBLIC
DISCONNECT
/*C2418*/SET SCHEMA PUBLIC
DISCONNECT
/*C2420*/SET SCHEMA PUBLIC
DISCONNECT
/*C2419*/SET SCHEMA PUBLIC
DISCONNECT
/*C2415*/SET SCHEMA PUBLIC
DISCONNECT
/*C2413*/SET SCHEMA PUBLIC
DISCONNECT
/*C2416*/SET SCHEMA PUBLIC
DISCONNECT
/*C2417*/SET SCHEMA PUBLIC
DISCONNECT
/*C2414*/SET SCHEMA PUBLIC
DISCONNECT
/*C2422*/SET SCHEMA PUBLIC
DISCONNECT
/*C2423*/SET SCHEMA PUBLIC
DISCONNECT
/*C2424*/SET SCHEMA PUBLIC
DISCONNECT
/*C2427*/SET SCHEMA PUBLIC
DISCONNECT
/*C2425*/SET SCHEMA PUBLIC
DISCONNECT
/*C2428*/SET SCHEMA PUBLIC
DISCONNECT
/*C2426*/SET SCHEMA PUBLIC
DISCONNECT
/*C2429*/SET SCHEMA PUBLIC
DISCONNECT
/*C2430*/SET SCHEMA PUBLIC
DISCONNECT
/*C2431*/SET SCHEMA PUBLIC
DISCONNECT
/*C2432*/SET SCHEMA PUBLIC
DELETE FROM PERSONNAGE_MODEL WHERE ID_PERSONNAGE_MODEL=52
COMMIT
DISCONNECT
/*C2433*/SET SCHEMA PUBLIC
DISCONNECT
/*C2434*/SET SCHEMA PUBLIC
DISCONNECT
/*C2436*/SET SCHEMA PUBLIC
DISCONNECT
/*C2438*/SET SCHEMA PUBLIC
DISCONNECT
/*C2435*/SET SCHEMA PUBLIC
DISCONNECT
/*C2437*/SET SCHEMA PUBLIC
DISCONNECT
/*C2439*/SET SCHEMA PUBLIC
DISCONNECT
/*C2440*/SET SCHEMA PUBLIC
DISCONNECT
/*C2441*/SET SCHEMA PUBLIC
DISCONNECT
/*C2442*/SET SCHEMA PUBLIC
DELETE FROM PERSONNAGE_MODEL WHERE ID_PERSONNAGE_MODEL=53
COMMIT
INSERT INTO PERSONNAGE_MODEL VALUES(54,1,21,1)
ALTER SEQUENCE PUBLIC.HIBERNATE_SEQUENCE RESTART WITH 55
COMMIT
DELETE FROM PERSONNAGE_MODEL WHERE ID_PERSONNAGE_MODEL=54
COMMIT
INSERT INTO PERSONNAGE_MODEL VALUES(55,1,1,1)
ALTER SEQUENCE PUBLIC.HIBERNATE_SEQUENCE RESTART WITH 56
COMMIT
INSERT INTO PERSONNAGE_MODEL VALUES(56,2,2,1)
ALTER SEQUENCE PUBLIC.HIBERNATE_SEQUENCE RESTART WITH 57
COMMIT
DISCONNECT
/*C2447*/SET SCHEMA PUBLIC
DISCONNECT
/*C2443*/SET SCHEMA PUBLIC
DISCONNECT
/*C2449*/SET SCHEMA PUBLIC
DISCONNECT
/*C2446*/SET SCHEMA PUBLIC
DISCONNECT
/*C2444*/SET SCHEMA PUBLIC
DISCONNECT
/*C2445*/SET SCHEMA PUBLIC
DISCONNECT
/*C2448*/SET SCHEMA PUBLIC
DISCONNECT
/*C2450*/SET SCHEMA PUBLIC
DISCONNECT
/*C2451*/SET SCHEMA PUBLIC
DISCONNECT
/*C2461*/SET SCHEMA PUBLIC
DISCONNECT
/*C2460*/SET SCHEMA PUBLIC
DISCONNECT
/*C2456*/SET SCHEMA PUBLIC
DISCONNECT
/*C2454*/SET SCHEMA PUBLIC
DISCONNECT
/*C2455*/SET SCHEMA PUBLIC
DISCONNECT
/*C2453*/SET SCHEMA PUBLIC
DISCONNECT
/*C2457*/SET SCHEMA PUBLIC
DISCONNECT
/*C2459*/SET SCHEMA PUBLIC
DISCONNECT
/*C2452*/SET SCHEMA PUBLIC
DISCONNECT
/*C2458*/SET SCHEMA PUBLIC
DISCONNECT
/*C2462*/SET SCHEMA PUBLIC
DELETE FROM PERSONNAGE_MODEL WHERE ID_PERSONNAGE_MODEL=55
COMMIT
/*C2465*/SET SCHEMA PUBLIC
DISCONNECT
/*C2462*/DISCONNECT
/*C2463*/SET SCHEMA PUBLIC
DISCONNECT
/*C2464*/SET SCHEMA PUBLIC
DISCONNECT
/*C2468*/SET SCHEMA PUBLIC
DISCONNECT
/*C2471*/SET SCHEMA PUBLIC
DISCONNECT
/*C2466*/SET SCHEMA PUBLIC
DISCONNECT
/*C2470*/SET SCHEMA PUBLIC
DISCONNECT
/*C2467*/SET SCHEMA PUBLIC
DISCONNECT
/*C2469*/SET SCHEMA PUBLIC
DISCONNECT
/*C2480*/SET SCHEMA PUBLIC
DISCONNECT
/*C2472*/SET SCHEMA PUBLIC
DISCONNECT
/*C2473*/SET SCHEMA PUBLIC
DISCONNECT
/*C2474*/SET SCHEMA PUBLIC
DISCONNECT
/*C2475*/SET SCHEMA PUBLIC
DISCONNECT
/*C2481*/SET SCHEMA PUBLIC
DISCONNECT
/*C2479*/SET SCHEMA PUBLIC
DISCONNECT
/*C2477*/SET SCHEMA PUBLIC
DISCONNECT
/*C2478*/SET SCHEMA PUBLIC
DISCONNECT
/*C2476*/SET SCHEMA PUBLIC
DISCONNECT
/*C2487*/SET SCHEMA PUBLIC
DISCONNECT
/*C2485*/SET SCHEMA PUBLIC
DISCONNECT
/*C2482*/SET SCHEMA PUBLIC
DISCONNECT
/*C2490*/SET SCHEMA PUBLIC
DISCONNECT
/*C2484*/SET SCHEMA PUBLIC
DISCONNECT
/*C2483*/SET SCHEMA PUBLIC
DISCONNECT
/*C2486*/SET SCHEMA PUBLIC
DISCONNECT
/*C2491*/SET SCHEMA PUBLIC
DISCONNECT
/*C2488*/SET SCHEMA PUBLIC
DISCONNECT
/*C2489*/SET SCHEMA PUBLIC
DISCONNECT
/*C2492*/SET SCHEMA PUBLIC
DELETE FROM PERSONNAGE_MODEL WHERE ID_PERSONNAGE_MODEL=56
COMMIT
INSERT INTO PERSONNAGE_MODEL VALUES(57,1,1,1)
ALTER SEQUENCE PUBLIC.HIBERNATE_SEQUENCE RESTART WITH 58
COMMIT
DISCONNECT
/*C2493*/SET SCHEMA PUBLIC
DISCONNECT
/*C2494*/SET SCHEMA PUBLIC
DISCONNECT
/*C2499*/SET SCHEMA PUBLIC
DISCONNECT
/*C2496*/SET SCHEMA PUBLIC
DISCONNECT
/*C2495*/SET SCHEMA PUBLIC
DISCONNECT
/*C2501*/SET SCHEMA PUBLIC
DISCONNECT
/*C2500*/SET SCHEMA PUBLIC
DISCONNECT
/*C2497*/SET SCHEMA PUBLIC
DISCONNECT
/*C2498*/SET SCHEMA PUBLIC
DISCONNECT
/*C2502*/SET SCHEMA PUBLIC
INSERT INTO PERSONNAGE_MODEL VALUES(58,1,1,1)
ALTER SEQUENCE PUBLIC.HIBERNATE_SEQUENCE RESTART WITH 59
COMMIT
/*C2505*/SET SCHEMA PUBLIC
DISCONNECT
/*C2502*/DISCONNECT
/*C2503*/SET SCHEMA PUBLIC
DISCONNECT
/*C2504*/SET SCHEMA PUBLIC
DISCONNECT
/*C2510*/SET SCHEMA PUBLIC
DISCONNECT
/*C2508*/SET SCHEMA PUBLIC
DISCONNECT
/*C2506*/SET SCHEMA PUBLIC
DISCONNECT
/*C2507*/SET SCHEMA PUBLIC
DISCONNECT
/*C2511*/SET SCHEMA PUBLIC
DISCONNECT
/*C2509*/SET SCHEMA PUBLIC
DISCONNECT
/*C2512*/SET SCHEMA PUBLIC
DISCONNECT
/*C2515*/SET SCHEMA PUBLIC
DISCONNECT
/*C2513*/SET SCHEMA PUBLIC
DISCONNECT
/*C2517*/SET SCHEMA PUBLIC
DISCONNECT
/*C2514*/SET SCHEMA PUBLIC
DISCONNECT
/*C2518*/SET SCHEMA PUBLIC
DISCONNECT
/*C2516*/SET SCHEMA PUBLIC
DISCONNECT
/*C2519*/SET SCHEMA PUBLIC
DISCONNECT
/*C2520*/SET SCHEMA PUBLIC
DISCONNECT
/*C2521*/SET SCHEMA PUBLIC
DISCONNECT
/*C2524*/SET SCHEMA PUBLIC
DISCONNECT
/*C2522*/SET SCHEMA PUBLIC
DISCONNECT
/*C2526*/SET SCHEMA PUBLIC
DISCONNECT
/*C2525*/SET SCHEMA PUBLIC
DISCONNECT
/*C2523*/SET SCHEMA PUBLIC
DISCONNECT
/*C2527*/SET SCHEMA PUBLIC
DISCONNECT
/*C2529*/SET SCHEMA PUBLIC
DISCONNECT
/*C2531*/SET SCHEMA PUBLIC
DISCONNECT
/*C2530*/SET SCHEMA PUBLIC
DISCONNECT
/*C2528*/SET SCHEMA PUBLIC
DISCONNECT
/*C2532*/SET SCHEMA PUBLIC
DISCONNECT
/*C2535*/SET SCHEMA PUBLIC
DISCONNECT
/*C2533*/SET SCHEMA PUBLIC
DISCONNECT
/*C2537*/SET SCHEMA PUBLIC
DISCONNECT
/*C2534*/SET SCHEMA PUBLIC
DISCONNECT
/*C2536*/SET SCHEMA PUBLIC
DISCONNECT
/*C2538*/SET SCHEMA PUBLIC
DISCONNECT
/*C2539*/SET SCHEMA PUBLIC
DISCONNECT
/*C2541*/SET SCHEMA PUBLIC
DISCONNECT
/*C2540*/SET SCHEMA PUBLIC
DISCONNECT
/*C2543*/SET SCHEMA PUBLIC
DISCONNECT
/*C2542*/SET SCHEMA PUBLIC
DISCONNECT
/*C2550*/SET SCHEMA PUBLIC
DISCONNECT
/*C2544*/SET SCHEMA PUBLIC
DISCONNECT
/*C2551*/SET SCHEMA PUBLIC
DISCONNECT
/*C2547*/SET SCHEMA PUBLIC
DISCONNECT
/*C2548*/SET SCHEMA PUBLIC
DISCONNECT
/*C2545*/SET SCHEMA PUBLIC
DISCONNECT
/*C2546*/SET SCHEMA PUBLIC
DISCONNECT
/*C2549*/SET SCHEMA PUBLIC
DISCONNECT
/*C2561*/SET SCHEMA PUBLIC
DISCONNECT
/*C2558*/SET SCHEMA PUBLIC
DISCONNECT
/*C2552*/SET SCHEMA PUBLIC
DISCONNECT
/*C2554*/SET SCHEMA PUBLIC
DISCONNECT
/*C2559*/SET SCHEMA PUBLIC
DISCONNECT
/*C2555*/SET SCHEMA PUBLIC
DISCONNECT
/*C2553*/SET SCHEMA PUBLIC
DISCONNECT
/*C2557*/SET SCHEMA PUBLIC
DISCONNECT
/*C2560*/SET SCHEMA PUBLIC
DISCONNECT
/*C2556*/SET SCHEMA PUBLIC
DISCONNECT
/*C2562*/SET SCHEMA PUBLIC
DISCONNECT
/*C2566*/SET SCHEMA PUBLIC
DISCONNECT
/*C2563*/SET SCHEMA PUBLIC
DISCONNECT
/*C2565*/SET SCHEMA PUBLIC
DISCONNECT
/*C2568*/SET SCHEMA PUBLIC
DISCONNECT
/*C2570*/SET SCHEMA PUBLIC
DISCONNECT
/*C2567*/SET SCHEMA PUBLIC
DISCONNECT
/*C2564*/SET SCHEMA PUBLIC
DISCONNECT
/*C2571*/SET SCHEMA PUBLIC
DISCONNECT
/*C2569*/SET SCHEMA PUBLIC
DISCONNECT
/*C2575*/SET SCHEMA PUBLIC
DISCONNECT
/*C2572*/SET SCHEMA PUBLIC
DISCONNECT
/*C2574*/SET SCHEMA PUBLIC
DISCONNECT
/*C2576*/SET SCHEMA PUBLIC
DISCONNECT
/*C2573*/SET SCHEMA PUBLIC
DISCONNECT
/*C2578*/SET SCHEMA PUBLIC
DISCONNECT
/*C2577*/SET SCHEMA PUBLIC
DISCONNECT
/*C2579*/SET SCHEMA PUBLIC
DISCONNECT
/*C2581*/SET SCHEMA PUBLIC
DISCONNECT
/*C2580*/SET SCHEMA PUBLIC
DISCONNECT
/*C2582*/SET SCHEMA PUBLIC
DELETE FROM PERSONNAGE_MODEL WHERE ID_PERSONNAGE_MODEL=57
COMMIT
DELETE FROM PERSONNAGE_MODEL WHERE ID_PERSONNAGE_MODEL=58
COMMIT
INSERT INTO PERSONNAGE_MODEL VALUES(59,1,1,1)
ALTER SEQUENCE PUBLIC.HIBERNATE_SEQUENCE RESTART WITH 60
COMMIT
DELETE FROM PERSONNAGE_MODEL WHERE ID_PERSONNAGE_MODEL=59
COMMIT
INSERT INTO PERSONNAGE_MODEL VALUES(60,1,2,1)
ALTER SEQUENCE PUBLIC.HIBERNATE_SEQUENCE RESTART WITH 61
COMMIT
INSERT INTO PERSONNAGE_MODEL VALUES(61,1,1,1)
ALTER SEQUENCE PUBLIC.HIBERNATE_SEQUENCE RESTART WITH 62
COMMIT
DELETE FROM PERSONNAGE_MODEL WHERE ID_PERSONNAGE_MODEL=60
COMMIT
DELETE FROM PERSONNAGE_MODEL WHERE ID_PERSONNAGE_MODEL=61
COMMIT
DISCONNECT
/*C2583*/SET SCHEMA PUBLIC
DISCONNECT
/*C2584*/SET SCHEMA PUBLIC
DISCONNECT
/*C2586*/SET SCHEMA PUBLIC
DISCONNECT
/*C2585*/SET SCHEMA PUBLIC
DISCONNECT
/*C2591*/SET SCHEMA PUBLIC
DISCONNECT
/*C2588*/SET SCHEMA PUBLIC
DISCONNECT
/*C2589*/SET SCHEMA PUBLIC
DISCONNECT
/*C2587*/SET SCHEMA PUBLIC
DISCONNECT
/*C2590*/SET SCHEMA PUBLIC
DISCONNECT
/*C2592*/SET SCHEMA PUBLIC
INSERT INTO PERSONNAGE_MODEL VALUES(62,1,2,1)
ALTER SEQUENCE PUBLIC.HIBERNATE_SEQUENCE RESTART WITH 63
COMMIT
/*C2595*/SET SCHEMA PUBLIC
DISCONNECT
/*C2592*/DISCONNECT
/*C2599*/SET SCHEMA PUBLIC
DISCONNECT
/*C2593*/SET SCHEMA PUBLIC
DISCONNECT
/*C2596*/SET SCHEMA PUBLIC
DISCONNECT
/*C2594*/SET SCHEMA PUBLIC
DISCONNECT
/*C2597*/SET SCHEMA PUBLIC
DISCONNECT
/*C2598*/SET SCHEMA PUBLIC
DISCONNECT
/*C2600*/SET SCHEMA PUBLIC
DISCONNECT
/*C2601*/SET SCHEMA PUBLIC
DISCONNECT
/*C2602*/SET SCHEMA PUBLIC
INSERT INTO PERSONNAGE_MODEL VALUES(63,1,1,1)
ALTER SEQUENCE PUBLIC.HIBERNATE_SEQUENCE RESTART WITH 64
COMMIT
DELETE FROM PERSONNAGE_MODEL WHERE ID_PERSONNAGE_MODEL=63
COMMIT
/*C2603*/SET SCHEMA PUBLIC
INSERT INTO PERSONNAGE_MODEL VALUES(64,1,1,1)
ALTER SEQUENCE PUBLIC.HIBERNATE_SEQUENCE RESTART WITH 65
COMMIT
/*C2602*/DELETE FROM PERSONNAGE_MODEL WHERE ID_PERSONNAGE_MODEL=64
COMMIT
DELETE FROM PERSONNAGE_MODEL WHERE ID_PERSONNAGE_MODEL=62
COMMIT
/*C2606*/SET SCHEMA PUBLIC
DISCONNECT
/*C2602*/DISCONNECT
/*C2603*/DISCONNECT
/*C2604*/SET SCHEMA PUBLIC
DISCONNECT
/*C2607*/SET SCHEMA PUBLIC
DISCONNECT
/*C2605*/SET SCHEMA PUBLIC
DISCONNECT
/*C2608*/SET SCHEMA PUBLIC
DISCONNECT
/*C2611*/SET SCHEMA PUBLIC
DISCONNECT
/*C2609*/SET SCHEMA PUBLIC
DISCONNECT
/*C2610*/SET SCHEMA PUBLIC
DISCONNECT
/*C2612*/SET SCHEMA PUBLIC
DISCONNECT
/*C2615*/SET SCHEMA PUBLIC
DISCONNECT
/*C2618*/SET SCHEMA PUBLIC
DISCONNECT
/*C2613*/SET SCHEMA PUBLIC
DISCONNECT
/*C2614*/SET SCHEMA PUBLIC
DISCONNECT
/*C2616*/SET SCHEMA PUBLIC
DISCONNECT
/*C2619*/SET SCHEMA PUBLIC
DISCONNECT
/*C2617*/SET SCHEMA PUBLIC
DISCONNECT
/*C2620*/SET SCHEMA PUBLIC
DISCONNECT
/*C2621*/SET SCHEMA PUBLIC
DISCONNECT
/*C2622*/SET SCHEMA PUBLIC
DISCONNECT
/*C2631*/SET SCHEMA PUBLIC
DISCONNECT
/*C2625*/SET SCHEMA PUBLIC
DISCONNECT
/*C2623*/SET SCHEMA PUBLIC
DISCONNECT
/*C2626*/SET SCHEMA PUBLIC
DISCONNECT
/*C2624*/SET SCHEMA PUBLIC
DISCONNECT
/*C2627*/SET SCHEMA PUBLIC
DISCONNECT
/*C2628*/SET SCHEMA PUBLIC
DISCONNECT
/*C2629*/SET SCHEMA PUBLIC
DISCONNECT
/*C2630*/SET SCHEMA PUBLIC
DISCONNECT
/*C2632*/SET SCHEMA PUBLIC
INSERT INTO PERSONNAGE_MODEL VALUES(65,1,2,1)
ALTER SEQUENCE PUBLIC.HIBERNATE_SEQUENCE RESTART WITH 66
COMMIT
INSERT INTO PERSONNAGE_MODEL VALUES(66,1,1,1)
ALTER SEQUENCE PUBLIC.HIBERNATE_SEQUENCE RESTART WITH 67
COMMIT
DELETE FROM PERSONNAGE_MODEL WHERE ID_PERSONNAGE_MODEL=65
COMMIT
DELETE FROM PERSONNAGE_MODEL WHERE ID_PERSONNAGE_MODEL=66
COMMIT
INSERT INTO PERSONNAGE_MODEL VALUES(67,2,2,1)
ALTER SEQUENCE PUBLIC.HIBERNATE_SEQUENCE RESTART WITH 68
COMMIT
DISCONNECT
/*C2639*/SET SCHEMA PUBLIC
DISCONNECT
/*C2633*/SET SCHEMA PUBLIC
DISCONNECT
/*C2634*/SET SCHEMA PUBLIC
DISCONNECT
/*C2635*/SET SCHEMA PUBLIC
DISCONNECT
/*C2636*/SET SCHEMA PUBLIC
DISCONNECT
/*C2637*/SET SCHEMA PUBLIC
DISCONNECT
/*C2638*/SET SCHEMA PUBLIC
DISCONNECT
/*C2640*/SET SCHEMA PUBLIC
DISCONNECT
/*C2641*/SET SCHEMA PUBLIC
DISCONNECT
/*C2642*/SET SCHEMA PUBLIC
DISCONNECT
/*C2648*/SET SCHEMA PUBLIC
DISCONNECT
/*C2643*/SET SCHEMA PUBLIC
DISCONNECT
/*C2645*/SET SCHEMA PUBLIC
DISCONNECT
/*C2644*/SET SCHEMA PUBLIC
DISCONNECT
/*C2646*/SET SCHEMA PUBLIC
DISCONNECT
/*C2649*/SET SCHEMA PUBLIC
DISCONNECT
/*C2650*/SET SCHEMA PUBLIC
DISCONNECT
/*C2647*/SET SCHEMA PUBLIC
DISCONNECT
/*C2651*/SET SCHEMA PUBLIC
DISCONNECT
/*C2654*/SET SCHEMA PUBLIC
DELETE FROM PERSONNAGE_MODEL WHERE ID_PERSONNAGE_MODEL=67
COMMIT
/*C2653*/SET SCHEMA PUBLIC
INSERT INTO PERSONNAGE_MODEL VALUES(68,1,1,1)
ALTER SEQUENCE PUBLIC.HIBERNATE_SEQUENCE RESTART WITH 69
COMMIT
/*C2652*/SET SCHEMA PUBLIC
DISCONNECT
/*C2655*/SET SCHEMA PUBLIC
DISCONNECT
/*C2657*/SET SCHEMA PUBLIC
DISCONNECT
/*C2656*/SET SCHEMA PUBLIC
DISCONNECT
/*C2653*/DISCONNECT
/*C2658*/SET SCHEMA PUBLIC
DISCONNECT
/*C2659*/SET SCHEMA PUBLIC
DISCONNECT
/*C2654*/DISCONNECT
/*C2660*/SET SCHEMA PUBLIC
DISCONNECT
/*C2661*/SET SCHEMA PUBLIC
DISCONNECT
/*C2662*/SET SCHEMA PUBLIC
DELETE FROM PERSONNAGE_MODEL WHERE ID_PERSONNAGE_MODEL=68
COMMIT
INSERT INTO PERSONNAGE_MODEL VALUES(69,2,1,1)
ALTER SEQUENCE PUBLIC.HIBERNATE_SEQUENCE RESTART WITH 70
COMMIT
INSERT INTO PERSONNAGE_MODEL VALUES(70,2,2,1)
ALTER SEQUENCE PUBLIC.HIBERNATE_SEQUENCE RESTART WITH 71
COMMIT
DELETE FROM PERSONNAGE_MODEL WHERE ID_PERSONNAGE_MODEL=69
COMMIT
/*C2671*/SET SCHEMA PUBLIC
DISCONNECT
/*C2670*/SET SCHEMA PUBLIC
DISCONNECT
/*C2664*/SET SCHEMA PUBLIC
DISCONNECT
/*C2665*/SET SCHEMA PUBLIC
DISCONNECT
/*C2667*/SET SCHEMA PUBLIC
DISCONNECT
/*C2662*/DISCONNECT
/*C2663*/SET SCHEMA PUBLIC
DISCONNECT
/*C2666*/SET SCHEMA PUBLIC
DISCONNECT
/*C2668*/SET SCHEMA PUBLIC
DISCONNECT
/*C2669*/SET SCHEMA PUBLIC
DISCONNECT
/*C2672*/SET SCHEMA PUBLIC
INSERT INTO PERSONNAGE_MODEL VALUES(71,1,1,1)
ALTER SEQUENCE PUBLIC.HIBERNATE_SEQUENCE RESTART WITH 72
COMMIT
DELETE FROM PERSONNAGE_MODEL WHERE ID_PERSONNAGE_MODEL=70
COMMIT
DELETE FROM PERSONNAGE_MODEL WHERE ID_PERSONNAGE_MODEL=71
COMMIT
INSERT INTO PERSONNAGE_MODEL VALUES(72,1,1,1)
ALTER SEQUENCE PUBLIC.HIBERNATE_SEQUENCE RESTART WITH 73
COMMIT
/*C2674*/SET SCHEMA PUBLIC
DELETE FROM PERSONNAGE_MODEL WHERE ID_PERSONNAGE_MODEL=72
COMMIT
/*C2676*/SET SCHEMA PUBLIC
DISCONNECT
/*C2672*/DISCONNECT
/*C2673*/SET SCHEMA PUBLIC
DISCONNECT
/*C2677*/SET SCHEMA PUBLIC
DISCONNECT
/*C2678*/SET SCHEMA PUBLIC
DISCONNECT
/*C2675*/SET SCHEMA PUBLIC
DISCONNECT
/*C2674*/DISCONNECT
/*C2679*/SET SCHEMA PUBLIC
DISCONNECT
/*C2680*/SET SCHEMA PUBLIC
DISCONNECT
/*C2681*/SET SCHEMA PUBLIC
DISCONNECT
